0 info it worked if it ends with ok
1 verbose cli [ 'C:\\software\\nodejs\\node.exe',
1 verbose cli   'C:\\software\\nodejs\\node_modules\\npm\\bin\\npm-cli.js',
1 verbose cli   'start' ]
2 info using npm@3.10.8
3 info using node@v7.0.0
4 verbose run-script [ 'prestart', 'start', 'poststart' ]
5 info lifecycle tas_project@1.0.0~prestart: tas_project@1.0.0
6 silly lifecycle tas_project@1.0.0~prestart: no script for prestart, continuing
7 info lifecycle tas_project@1.0.0~start: tas_project@1.0.0
8 verbose lifecycle tas_project@1.0.0~start: unsafe-perm in lifecycle true
9 verbose lifecycle tas_project@1.0.0~start: PATH: C:\software\nodejs\node_modules\npm\bin\node-gyp-bin;J:\TASprojekt\node_modules\.bin;c:\windows\bin\sysinternals;C:\Program Files\7-Zip;c:\software\openssl\bin;c:\software\hg;c:\software\perl\perl\bin;c:\software\dev-cpp\MinGW64\bin;c:\software\gnuplot\bin;c:\software\imagemagick;c:\software\mingw\msys\1.0\bin;c:\software\gs\bin;c:\windows\bin;c:\software\putty;C:\Windows\system32;C:\Windows;C:\Windows\System32\Wbem;C:\Windows\System32\WindowsPowerShell\v1.0\;c:\software\notepad++;c:\software\jdk\bin;c:\software\jre\bin;c:\software\adobe\reader\reader;C:\Program Files (x86)\google\chrome\application;c:\software\firefox;c:\software\thunderbird;C:\Program Files\Microsoft DNX\Dnvm\;C:\Program Files\Microsoft SQL Server\130\Tools\Binn\;C:\Program Files (x86)\Windows Kits\10\Windows Performance Toolkit\;c:\software\mingw\bin;c:\software\latex\bin\win32;c:\software\gsview\gsview;c:\software\ruby\bin;c:\software\cmake\bin;C:\software\brackets\command;c:\software\ant\bin;c:\software\maven\bin;c:\software\python;c:\software\python\Scripts;c:\software\python3;c:\software\python3\Scripts;c:\software\octave\bin;c:\software\gp;c:\software\fpc\bin\i386-Win32;c:\software\vim;C:\Program Files (x86)\Windows Live\Shared;c:\software\opencv\x86\vc14\bin;c:\software\haskell\bin;c:\software\qt\5.7\mingw53_32\bin;C:\Program Files (x86)\Microsoft SQL Server\130\Tools\Binn\;C:\Program Files\Microsoft SQL Server\Client SDK\ODBC\130\Tools\Binn\;C:\Program Files\Microsoft SQL Server\130\DTS\Binn\;C:\Program Files (x86)\Microsoft SQL Server\Client SDK\ODBC\130\Tools\Binn\;C:\Program Files (x86)\Microsoft SQL Server\130\DTS\Binn\;C:\Program Files (x86)\Microsoft SQL Server\130\Tools\Binn\ManagementStudio\;C:\Program Files\dotnet\;C:\Program Files\TortoiseGit\bin;C:\Program Files (x86)\Microsoft SQL Server\110\DTS\Binn\;C:\Program Files (x86)\Microsoft SQL Server\120\DTS\Binn\;c:\software\php;c:\software\rabbitmq\sbin;c:\software\gradle\bin;c:\software\gpg\pub;c:\software\gpg;C:\software\hg\;c:\software\android_sdk\tools;c:\software\android_sdk\platform-tools;c:\software\emacs\bin;C:\software\nodejs\;c:\software\git\cmd
10 verbose lifecycle tas_project@1.0.0~start: CWD: J:\TASprojekt
11 silly lifecycle tas_project@1.0.0~start: Args: [ '/d /s /c', 'node server.js' ]
12 silly lifecycle tas_project@1.0.0~start: Returned: code: 1  signal: null
13 info lifecycle tas_project@1.0.0~start: Failed to exec start script
14 verbose stack Error: tas_project@1.0.0 start: `node server.js`
14 verbose stack Exit status 1
14 verbose stack     at EventEmitter.<anonymous> (C:\software\nodejs\node_modules\npm\lib\utils\lifecycle.js:255:16)
14 verbose stack     at emitTwo (events.js:106:13)
14 verbose stack     at EventEmitter.emit (events.js:191:7)
14 verbose stack     at ChildProcess.<anonymous> (C:\software\nodejs\node_modules\npm\lib\utils\spawn.js:40:14)
14 verbose stack     at emitTwo (events.js:106:13)
14 verbose stack     at ChildProcess.emit (events.js:191:7)
14 verbose stack     at maybeClose (internal/child_process.js:877:16)
14 verbose stack     at Process.ChildProcess._handle.onexit (internal/child_process.js:226:5)
15 verbose pkgid tas_project@1.0.0
16 verbose cwd J:\TASprojekt
17 error Windows_NT 10.0.14393
18 error argv "C:\\software\\nodejs\\node.exe" "C:\\software\\nodejs\\node_modules\\npm\\bin\\npm-cli.js" "start"
19 error node v7.0.0
20 error npm  v3.10.8
21 error code ELIFECYCLE
22 error tas_project@1.0.0 start: `node server.js`
22 error Exit status 1
23 error Failed at the tas_project@1.0.0 start script 'node server.js'.
23 error Make sure you have the latest version of node.js and npm installed.
23 error If you do, this is most likely a problem with the tas_project package,
23 error not with npm itself.
23 error Tell the author that this fails on your system:
23 error     node server.js
23 error You can get information on how to open an issue for this project with:
23 error     npm bugs tas_project
23 error Or if that isn't available, you can get their info via:
23 error     npm owner ls tas_project
23 error There is likely additional logging output above.
24 verbose exit [ 1, true ]
